h:\desktop\animation\skeletalanimationproject\teapotad\x64\debug\skeletalanimationdemo.pch
h:\desktop\animation\skeletalanimationproject\teapotad\x64\debug\vc120.pdb
h:\desktop\animation\skeletalanimationproject\teapotad\x64\debug\vc120.idb
h:\desktop\animation\skeletalanimationproject\teapotad\x64\debug\stdafx.obj
h:\desktop\animation\skeletalanimationproject\teapotad\x64\debug\assimpconverter.obj
h:\desktop\animation\skeletalanimationproject\teapotad\x64\debug\drawable.obj
h:\desktop\animation\skeletalanimationproject\teapotad\x64\debug\glslprogram.obj
h:\desktop\animation\skeletalanimationproject\teapotad\x64\debug\glutils.obj
h:\desktop\animation\skeletalanimationproject\teapotad\x64\debug\gl_core_4_3.obj
h:\desktop\animation\skeletalanimationproject\teapotad\x64\debug\quatcamera.obj
h:\desktop\animation\skeletalanimationproject\teapotad\x64\debug\skeletalmodel.obj
h:\desktop\animation\skeletalanimationproject\teapotad\x64\debug\skeletalmodelserializer.obj
h:\desktop\animation\skeletalanimationproject\teapotad\x64\debug\animationscene.obj
h:\desktop\animation\skeletalanimationproject\teapotad\x64\debug\teapotad.obj
h:\desktop\animation\skeletalanimationproject\teapotad\x64\debug\vboplane.obj
h:\desktop\animation\skeletalanimationproject\x64\debug\skeletalanimationdemo.ilk
h:\desktop\animation\skeletalanimationproject\x64\debug\skeletalanimationdemo.exe
h:\desktop\animation\skeletalanimationproject\x64\debug\skeletalanimationdemo.pdb
h:\desktop\animation\skeletalanimationproject\teapotad\x64\debug\skeletal.fc5957eb.tlog\link.read.1.tlog
h:\desktop\animation\skeletalanimationproject\teapotad\x64\debug\skeletal.fc5957eb.tlog\cl.read.1.tlog
h:\desktop\animation\skeletalanimationproject\teapotad\x64\debug\skeletal.fc5957eb.tlog\cl.write.1.tlog
h:\desktop\animation\skeletalanimationproject\teapotad\x64\debug\skeletal.fc5957eb.tlog\cl.command.1.tlog
h:\desktop\animation\skeletalanimationproject\teapotad\x64\debug\skeletal.fc5957eb.tlog\link.command.1.tlog
h:\desktop\animation\skeletalanimationproject\teapotad\x64\debug\skeletal.fc5957eb.tlog\link.write.1.tlog
