c:\users\dyn\desktop\animation\skeletalanimationproject\teapotad\x64\debugvs2015\skeletalanimationdemo.pch
c:\users\dyn\desktop\animation\skeletalanimationproject\teapotad\x64\debugvs2015\vc140.pdb
c:\users\dyn\desktop\animation\skeletalanimationproject\teapotad\x64\debugvs2015\vc140.idb
c:\users\dyn\desktop\animation\skeletalanimationproject\teapotad\x64\debugvs2015\stdafx.obj
c:\users\dyn\desktop\animation\skeletalanimationproject\teapotad\x64\debugvs2015\assimpconverter.obj
c:\users\dyn\desktop\animation\skeletalanimationproject\teapotad\x64\debugvs2015\drawable.obj
c:\users\dyn\desktop\animation\skeletalanimationproject\teapotad\x64\debugvs2015\glslprogram.obj
c:\users\dyn\desktop\animation\skeletalanimationproject\teapotad\x64\debugvs2015\glutils.obj
c:\users\dyn\desktop\animation\skeletalanimationproject\teapotad\x64\debugvs2015\gl_core_4_3.obj
c:\users\dyn\desktop\animation\skeletalanimationproject\teapotad\x64\debugvs2015\quatcamera.obj
c:\users\dyn\desktop\animation\skeletalanimationproject\teapotad\x64\debugvs2015\skeletalmodel.obj
c:\users\dyn\desktop\animation\skeletalanimationproject\teapotad\x64\debugvs2015\animationscene.obj
c:\users\dyn\desktop\animation\skeletalanimationproject\teapotad\x64\debugvs2015\teapotad.obj
c:\users\dyn\desktop\animation\skeletalanimationproject\teapotad\x64\debugvs2015\vboplane.obj
c:\users\dyn\desktop\animation\skeletalanimationproject\x64\debugvs2015\skeletalanimationdemo.ilk
c:\users\dyn\desktop\animation\skeletalanimationproject\x64\debugvs2015\skeletalanimationdemo.exe
c:\users\dyn\desktop\animation\skeletalanimationproject\x64\debugvs2015\skeletalanimationdemo.pdb
c:\users\dyn\desktop\animation\skeletalanimationproject\teapotad\x64\debugvs2015\skeletalmodelserializer.obj
c:\users\dyn\desktop\animation\skeletalanimationproject\teapotad\x64\debugvs2015\skeletal.fc5957eb.tlog\cl.command.1.tlog
c:\users\dyn\desktop\animation\skeletalanimationproject\teapotad\x64\debugvs2015\skeletal.fc5957eb.tlog\cl.read.1.tlog
c:\users\dyn\desktop\animation\skeletalanimationproject\teapotad\x64\debugvs2015\skeletal.fc5957eb.tlog\cl.write.1.tlog
c:\users\dyn\desktop\animation\skeletalanimationproject\teapotad\x64\debugvs2015\skeletal.fc5957eb.tlog\link.command.1.tlog
c:\users\dyn\desktop\animation\skeletalanimationproject\teapotad\x64\debugvs2015\skeletal.fc5957eb.tlog\link.read.1.tlog
c:\users\dyn\desktop\animation\skeletalanimationproject\teapotad\x64\debugvs2015\skeletal.fc5957eb.tlog\link.write.1.tlog
