  stdafx.cpp
  vboplane.cpp
  TeapotAD.cpp
c:\users\dyn\desktop\skeletal_animation_tutorial\teapotad\skeletalmodel.h(17): warning C4267: 'return': conversion from 'size_t' to 'unsigned int', possible loss of data
c:\users\dyn\desktop\skeletal_animation_tutorial\teapotad\teapotad.cpp(143): warning C4244: 'initializing': conversion from 'double' to 'float', possible loss of data
  AnimationScene.cpp
c:\users\dyn\desktop\skeletal_animation_tutorial\teapotad\skeletalmodel.h(17): warning C4267: 'return': conversion from 'size_t' to 'unsigned int', possible loss of data
  SkeletalModel.cpp
c:\users\dyn\desktop\skeletal_animation_tutorial\teapotad\skeletalmodel.h(17): warning C4267: 'return': conversion from 'size_t' to 'unsigned int', possible loss of data
  QuatCamera.cpp
c:\users\dyn\desktop\skeletal_animation_tutorial\teapotad\quatcamera.cpp(248): warning C4305: 'argument': truncation from 'double' to 'const float'
  gl_core_4_3.cpp
  glutils.cpp
  glslprogram.cpp
  drawable.cpp
  AssimpConverter.cpp
c:\users\dyn\desktop\skeletal_animation_tutorial\teapotad\skeletalmodel.h(17): warning C4267: 'return': conversion from 'size_t' to 'unsigned int', possible loss of data
c:\users\dyn\desktop\skeletal_animation_tutorial\teapotad\assimpconverter.cpp(56): warning C4267: 'initializing': conversion from 'size_t' to 'unsigned int', possible loss of data
  Generating Code...
  TeapotAD.vcxproj -> C:\Users\DYN\Desktop\Skeletal_Animation_Tutorial\x64\DebugVS2015\SkeletalAnimationDemo.exe
  TeapotAD.vcxproj -> C:\Users\DYN\Desktop\Skeletal_Animation_Tutorial\x64\DebugVS2015\SkeletalAnimationDemo.pdb (Full PDB)
